[START][2024-04-13 22:46:55] LSP logging initiated
[ERROR][2024-04-13 22:46:55] .../vim/lsp/rpc.lua:734	"rpc"	"/home/user/.local/share/nvim/mason/bin/clangd"	"stderr"	"I[22:46:55.081] clangd version 17.0.3 (https://github.com/llvm/llvm-project 888437e1b60011b8a375dd30928ec925b448da57)\nI[22:46:55.081] Features: linux+grpc\nI[22:46:55.081] PID: 69112\nI[22:46:55.081] Working directory: /home/user/Downloads/reset-all/reset-all\nI[22:46:55.081] argv[0]: /home/user/.local/share/nvim/mason/bin/clangd\nI[22:46:55.081] Starting LSP over stdin/stdout\n"
[ERROR][2024-04-13 22:46:55] .../vim/lsp/rpc.lua:734	"rpc"	"/home/user/.local/share/nvim/mason/bin/clangd"	"stderr"	"I[22:46:55.086] <-- initialize(1)\nI[22:46:55.090] --> reply:initialize(1) 4 ms\n"
[ERROR][2024-04-13 22:46:55] .../vim/lsp/rpc.lua:734	"rpc"	"/home/user/.local/share/nvim/mason/bin/clangd"	"stderr"	"I[22:46:55.128] <-- initialized\nI[22:46:55.128] <-- textDocument/didOpen\n"
[ERROR][2024-04-13 22:46:55] .../vim/lsp/rpc.lua:734	"rpc"	"/home/user/.local/share/nvim/mason/bin/clangd"	"stderr"	"I[22:46:55.134] Failed to find compilation database for /home/user/Downloads/reset-all/reset-all/reset-all.c\nI[22:46:55.134] ASTWorker building file /home/user/Downloads/reset-all/reset-all/reset-all.c version 0 with command clangd fallback\n[/home/user/Downloads/reset-all/reset-all]\n/usr/bin/clang -resource-dir=/home/user/.local/share/nvim/mason/packages/clangd/clangd_17.0.3/lib/clang/17 -- /home/user/Downloads/reset-all/reset-all/reset-all.c\nI[22:46:55.135] <-- textDocument/semanticTokens/full(2)\n"
[ERROR][2024-04-13 22:46:55] .../vim/lsp/rpc.lua:734	"rpc"	"/home/user/.local/share/nvim/mason/bin/clangd"	"stderr"	"I[22:46:55.233] <-- textDocument/documentHighlight(3)\n"
[ERROR][2024-04-13 22:46:55] .../vim/lsp/rpc.lua:734	"rpc"	"/home/user/.local/share/nvim/mason/bin/clangd"	"stderr"	"I[22:46:55.235] Built preamble of size 307624 for file /home/user/Downloads/reset-all/reset-all/reset-all.c version 0 in 0.09 seconds\n"
[ERROR][2024-04-13 22:46:55] .../vim/lsp/rpc.lua:734	"rpc"	"/home/user/.local/share/nvim/mason/bin/clangd"	"stderr"	"I[22:46:55.236] --> workspace/semanticTokens/refresh(0)\nI[22:46:55.236] Indexing c17 standard library in the context of /home/user/Downloads/reset-all/reset-all/reset-all.c\n"
[ERROR][2024-04-13 22:46:55] .../vim/lsp/rpc.lua:734	"rpc"	"/home/user/.local/share/nvim/mason/bin/clangd"	"stderr"	"I[22:46:55.236] <-- $/cancelRequest\nI[22:46:55.237] <-- textDocument/semanticTokens/full(4)\nI[22:46:55.237] <-- reply(0)\n"
[ERROR][2024-04-13 22:46:55] .../vim/lsp/rpc.lua:734	"rpc"	"/home/user/.local/share/nvim/mason/bin/clangd"	"stderr"	"I[22:46:55.273] --> textDocument/publishDiagnostics\n"
[ERROR][2024-04-13 22:46:55] .../vim/lsp/rpc.lua:734	"rpc"	"/home/user/.local/share/nvim/mason/bin/clangd"	"stderr"	"I[22:46:55.274] --> reply:textDocument/semanticTokens/full(2) 139 ms, error: Task was cancelled.\nI[22:46:55.274] --> reply:textDocument/documentHighlight(3) 41 ms\nI[22:46:55.275] --> reply:textDocument/semanticTokens/full(4) 37 ms\n"
[ERROR][2024-04-13 22:46:55] .../vim/lsp/rpc.lua:734	"rpc"	"/home/user/.local/share/nvim/mason/bin/clangd"	"stderr"	"I[22:46:55.299] Indexed c17 standard library: 2841 symbols, 0 filtered\n"
[ERROR][2024-04-13 22:46:57] .../vim/lsp/rpc.lua:734	"rpc"	"/home/user/.local/share/nvim/mason/bin/clangd"	"stderr"	"I[22:46:57.460] <-- textDocument/documentHighlight(5)\n"
[ERROR][2024-04-13 22:46:57] .../vim/lsp/rpc.lua:734	"rpc"	"/home/user/.local/share/nvim/mason/bin/clangd"	"stderr"	"I[22:46:57.461] --> reply:textDocument/documentHighlight(5) 0 ms\n"
[ERROR][2024-04-13 22:46:57] .../vim/lsp/rpc.lua:734	"rpc"	"/home/user/.local/share/nvim/mason/bin/clangd"	"stderr"	"I[22:46:57.799] <-- textDocument/documentHighlight(6)\n"
[ERROR][2024-04-13 22:46:57] .../vim/lsp/rpc.lua:734	"rpc"	"/home/user/.local/share/nvim/mason/bin/clangd"	"stderr"	"I[22:46:57.799] --> reply:textDocument/documentHighlight(6) 0 ms\n"
[ERROR][2024-04-13 22:46:58] .../vim/lsp/rpc.lua:734	"rpc"	"/home/user/.local/share/nvim/mason/bin/clangd"	"stderr"	"I[22:46:58.014] <-- textDocument/documentHighlight(7)\n"
[ERROR][2024-04-13 22:46:58] .../vim/lsp/rpc.lua:734	"rpc"	"/home/user/.local/share/nvim/mason/bin/clangd"	"stderr"	"I[22:46:58.015] --> reply:textDocument/documentHighlight(7) 0 ms\n"
[ERROR][2024-04-13 22:46:58] .../vim/lsp/rpc.lua:734	"rpc"	"/home/user/.local/share/nvim/mason/bin/clangd"	"stderr"	"I[22:46:58.444] <-- textDocument/documentHighlight(8)\n"
[ERROR][2024-04-13 22:46:58] .../vim/lsp/rpc.lua:734	"rpc"	"/home/user/.local/share/nvim/mason/bin/clangd"	"stderr"	"I[22:46:58.445] --> reply:textDocument/documentHighlight(8) 0 ms\n"
[ERROR][2024-04-13 22:47:02] .../vim/lsp/rpc.lua:734	"rpc"	"/home/user/.local/share/nvim/mason/bin/clangd"	"stderr"	"I[22:47:02.795] <-- textDocument/documentHighlight(9)\n"
[ERROR][2024-04-13 22:47:02] .../vim/lsp/rpc.lua:734	"rpc"	"/home/user/.local/share/nvim/mason/bin/clangd"	"stderr"	"I[22:47:02.796] --> reply:textDocument/documentHighlight(9) 0 ms\n"
[ERROR][2024-04-13 22:47:03] .../vim/lsp/rpc.lua:734	"rpc"	"/home/user/.local/share/nvim/mason/bin/clangd"	"stderr"	"I[22:47:03.601] <-- textDocument/documentHighlight(10)\n"
[ERROR][2024-04-13 22:47:03] .../vim/lsp/rpc.lua:734	"rpc"	"/home/user/.local/share/nvim/mason/bin/clangd"	"stderr"	"I[22:47:03.601] --> reply:textDocument/documentHighlight(10) 0 ms\n"
[ERROR][2024-04-13 22:47:08] .../vim/lsp/rpc.lua:734	"rpc"	"/home/user/.local/share/nvim/mason/bin/clangd"	"stderr"	"I[22:47:08.786] <-- textDocument/documentHighlight(11)\nI[22:47:08.786] --> reply:textDocument/documentHighlight(11) 0 ms\n"
[ERROR][2024-04-13 22:47:09] .../vim/lsp/rpc.lua:734	"rpc"	"/home/user/.local/share/nvim/mason/bin/clangd"	"stderr"	"I[22:47:09.373] <-- textDocument/documentHighlight(12)\n"
[ERROR][2024-04-13 22:47:09] .../vim/lsp/rpc.lua:734	"rpc"	"/home/user/.local/share/nvim/mason/bin/clangd"	"stderr"	"I[22:47:09.374] --> reply:textDocument/documentHighlight(12) 0 ms\n"
[ERROR][2024-04-13 22:47:09] .../vim/lsp/rpc.lua:734	"rpc"	"/home/user/.local/share/nvim/mason/bin/clangd"	"stderr"	"I[22:47:09.739] <-- textDocument/documentHighlight(13)\n"
[ERROR][2024-04-13 22:47:09] .../vim/lsp/rpc.lua:734	"rpc"	"/home/user/.local/share/nvim/mason/bin/clangd"	"stderr"	"I[22:47:09.739] --> reply:textDocument/documentHighlight(13) 0 ms\n"
[ERROR][2024-04-13 22:47:10] .../vim/lsp/rpc.lua:734	"rpc"	"/home/user/.local/share/nvim/mason/bin/clangd"	"stderr"	"I[22:47:10.160] <-- textDocument/documentHighlight(14)\n"
[ERROR][2024-04-13 22:47:10] .../vim/lsp/rpc.lua:734	"rpc"	"/home/user/.local/share/nvim/mason/bin/clangd"	"stderr"	"I[22:47:10.161] --> reply:textDocument/documentHighlight(14) 1 ms\n"
[ERROR][2024-04-13 22:47:12] .../vim/lsp/rpc.lua:734	"rpc"	"/home/user/.local/share/nvim/mason/bin/clangd"	"stderr"	"I[22:47:12.014] <-- textDocument/documentHighlight(15)\n"
[ERROR][2024-04-13 22:47:12] .../vim/lsp/rpc.lua:734	"rpc"	"/home/user/.local/share/nvim/mason/bin/clangd"	"stderr"	"I[22:47:12.015] --> reply:textDocument/documentHighlight(15) 0 ms\n"
[ERROR][2024-04-13 22:47:13] .../vim/lsp/rpc.lua:734	"rpc"	"/home/user/.local/share/nvim/mason/bin/clangd"	"stderr"	"I[22:47:13.428] <-- textDocument/documentHighlight(16)\n"
[ERROR][2024-04-13 22:47:13] .../vim/lsp/rpc.lua:734	"rpc"	"/home/user/.local/share/nvim/mason/bin/clangd"	"stderr"	"I[22:47:13.428] --> reply:textDocument/documentHighlight(16) 0 ms\n"
[ERROR][2024-04-13 22:47:13] .../vim/lsp/rpc.lua:734	"rpc"	"/home/user/.local/share/nvim/mason/bin/clangd"	"stderr"	"I[22:47:13.833] <-- textDocument/documentHighlight(17)\n"
[ERROR][2024-04-13 22:47:13] .../vim/lsp/rpc.lua:734	"rpc"	"/home/user/.local/share/nvim/mason/bin/clangd"	"stderr"	"I[22:47:13.834] --> reply:textDocument/documentHighlight(17) 0 ms\n"
[ERROR][2024-04-13 22:47:14] .../vim/lsp/rpc.lua:734	"rpc"	"/home/user/.local/share/nvim/mason/bin/clangd"	"stderr"	"I[22:47:14.993] <-- textDocument/documentHighlight(18)\n"
[ERROR][2024-04-13 22:47:14] .../vim/lsp/rpc.lua:734	"rpc"	"/home/user/.local/share/nvim/mason/bin/clangd"	"stderr"	"I[22:47:14.994] --> reply:textDocument/documentHighlight(18) 0 ms\n"
[ERROR][2024-04-13 22:47:16] .../vim/lsp/rpc.lua:734	"rpc"	"/home/user/.local/share/nvim/mason/bin/clangd"	"stderr"	"I[22:47:16.946] <-- textDocument/documentHighlight(19)\nI[22:47:16.946] --> reply:textDocument/documentHighlight(19) 0 ms\n"
[ERROR][2024-04-13 22:47:18] .../vim/lsp/rpc.lua:734	"rpc"	"/home/user/.local/share/nvim/mason/bin/clangd"	"stderr"	"I[22:47:18.691] <-- textDocument/documentHighlight(20)\nI[22:47:18.691] --> reply:textDocument/documentHighlight(20) 0 ms\n"
[ERROR][2024-04-13 22:47:19] .../vim/lsp/rpc.lua:734	"rpc"	"/home/user/.local/share/nvim/mason/bin/clangd"	"stderr"	"I[22:47:19.386] <-- textDocument/documentHighlight(21)\nI[22:47:19.387] --> reply:textDocument/documentHighlight(21) 0 ms\n"
[ERROR][2024-04-13 22:47:20] .../vim/lsp/rpc.lua:734	"rpc"	"/home/user/.local/share/nvim/mason/bin/clangd"	"stderr"	"I[22:47:20.137] <-- textDocument/documentHighlight(22)\n"
[ERROR][2024-04-13 22:47:20] .../vim/lsp/rpc.lua:734	"rpc"	"/home/user/.local/share/nvim/mason/bin/clangd"	"stderr"	"I[22:47:20.137] --> reply:textDocument/documentHighlight(22) 0 ms\n"
[ERROR][2024-04-13 22:47:20] .../vim/lsp/rpc.lua:734	"rpc"	"/home/user/.local/share/nvim/mason/bin/clangd"	"stderr"	"I[22:47:20.838] <-- textDocument/documentHighlight(23)\nI[22:47:20.839] --> reply:textDocument/documentHighlight(23) 0 ms\n"
[ERROR][2024-04-13 22:47:21] .../vim/lsp/rpc.lua:734	"rpc"	"/home/user/.local/share/nvim/mason/bin/clangd"	"stderr"	"I[22:47:21.615] <-- textDocument/documentHighlight(24)\n"
[ERROR][2024-04-13 22:47:21] .../vim/lsp/rpc.lua:734	"rpc"	"/home/user/.local/share/nvim/mason/bin/clangd"	"stderr"	"I[22:47:21.616] --> reply:textDocument/documentHighlight(24) 0 ms\n"
[ERROR][2024-04-13 22:47:22] .../vim/lsp/rpc.lua:734	"rpc"	"/home/user/.local/share/nvim/mason/bin/clangd"	"stderr"	"I[22:47:22.368] <-- textDocument/documentHighlight(25)\n"
[ERROR][2024-04-13 22:47:22] .../vim/lsp/rpc.lua:734	"rpc"	"/home/user/.local/share/nvim/mason/bin/clangd"	"stderr"	"I[22:47:22.369] --> reply:textDocument/documentHighlight(25) 0 ms\n"
[ERROR][2024-04-13 22:47:23] .../vim/lsp/rpc.lua:734	"rpc"	"/home/user/.local/share/nvim/mason/bin/clangd"	"stderr"	"I[22:47:23.274] <-- textDocument/documentHighlight(26)\n"
[ERROR][2024-04-13 22:47:23] .../vim/lsp/rpc.lua:734	"rpc"	"/home/user/.local/share/nvim/mason/bin/clangd"	"stderr"	"I[22:47:23.275] --> reply:textDocument/documentHighlight(26) 0 ms\n"
[ERROR][2024-04-13 22:47:24] .../vim/lsp/rpc.lua:734	"rpc"	"/home/user/.local/share/nvim/mason/bin/clangd"	"stderr"	"I[22:47:24.331] <-- textDocument/documentHighlight(27)\n"
[ERROR][2024-04-13 22:47:24] .../vim/lsp/rpc.lua:734	"rpc"	"/home/user/.local/share/nvim/mason/bin/clangd"	"stderr"	"I[22:47:24.332] --> reply:textDocument/documentHighlight(27) 0 ms\n"
[ERROR][2024-04-13 22:47:24] .../vim/lsp/rpc.lua:734	"rpc"	"/home/user/.local/share/nvim/mason/bin/clangd"	"stderr"	"I[22:47:24.528] <-- textDocument/documentHighlight(28)\n"
[ERROR][2024-04-13 22:47:24] .../vim/lsp/rpc.lua:734	"rpc"	"/home/user/.local/share/nvim/mason/bin/clangd"	"stderr"	"I[22:47:24.529] --> reply:textDocument/documentHighlight(28) 0 ms\n"
[ERROR][2024-04-13 22:47:24] .../vim/lsp/rpc.lua:734	"rpc"	"/home/user/.local/share/nvim/mason/bin/clangd"	"stderr"	"I[22:47:24.770] <-- textDocument/documentHighlight(29)\n"
[ERROR][2024-04-13 22:47:24] .../vim/lsp/rpc.lua:734	"rpc"	"/home/user/.local/share/nvim/mason/bin/clangd"	"stderr"	"I[22:47:24.770] --> reply:textDocument/documentHighlight(29) 0 ms\n"
[ERROR][2024-04-13 22:47:25] .../vim/lsp/rpc.lua:734	"rpc"	"/home/user/.local/share/nvim/mason/bin/clangd"	"stderr"	"I[22:47:25.257] <-- textDocument/documentHighlight(30)\n"
[ERROR][2024-04-13 22:47:25] .../vim/lsp/rpc.lua:734	"rpc"	"/home/user/.local/share/nvim/mason/bin/clangd"	"stderr"	"I[22:47:25.257] --> reply:textDocument/documentHighlight(30) 0 ms\n"
[ERROR][2024-04-13 22:47:26] .../vim/lsp/rpc.lua:734	"rpc"	"/home/user/.local/share/nvim/mason/bin/clangd"	"stderr"	"I[22:47:26.765] <-- textDocument/documentHighlight(31)\n"
[ERROR][2024-04-13 22:47:26] .../vim/lsp/rpc.lua:734	"rpc"	"/home/user/.local/share/nvim/mason/bin/clangd"	"stderr"	"I[22:47:26.765] --> reply:textDocument/documentHighlight(31) 0 ms\n"
[ERROR][2024-04-13 22:47:31] .../vim/lsp/rpc.lua:734	"rpc"	"/home/user/.local/share/nvim/mason/bin/clangd"	"stderr"	"I[22:47:31.810] <-- textDocument/documentHighlight(32)\n"
[ERROR][2024-04-13 22:47:31] .../vim/lsp/rpc.lua:734	"rpc"	"/home/user/.local/share/nvim/mason/bin/clangd"	"stderr"	"I[22:47:31.811] --> reply:textDocument/documentHighlight(32) 0 ms\n"
[ERROR][2024-04-13 22:47:32] .../vim/lsp/rpc.lua:734	"rpc"	"/home/user/.local/share/nvim/mason/bin/clangd"	"stderr"	"I[22:47:32.360] <-- textDocument/documentHighlight(33)\nI[22:47:32.361] --> reply:textDocument/documentHighlight(33) 0 ms\n"
[ERROR][2024-04-13 22:47:33] .../vim/lsp/rpc.lua:734	"rpc"	"/home/user/.local/share/nvim/mason/bin/clangd"	"stderr"	"I[22:47:33.391] <-- textDocument/documentHighlight(34)\n"
[ERROR][2024-04-13 22:47:33] .../vim/lsp/rpc.lua:734	"rpc"	"/home/user/.local/share/nvim/mason/bin/clangd"	"stderr"	"I[22:47:33.392] --> reply:textDocument/documentHighlight(34) 0 ms\n"
[ERROR][2024-04-13 22:47:34] .../vim/lsp/rpc.lua:734	"rpc"	"/home/user/.local/share/nvim/mason/bin/clangd"	"stderr"	"I[22:47:34.803] <-- textDocument/documentHighlight(35)\nI[22:47:34.803] --> reply:textDocument/documentHighlight(35) 0 ms\n"
[ERROR][2024-04-13 22:47:36] .../vim/lsp/rpc.lua:734	"rpc"	"/home/user/.local/share/nvim/mason/bin/clangd"	"stderr"	"I[22:47:36.092] <-- textDocument/documentHighlight(36)\nI[22:47:36.092] --> reply:textDocument/documentHighlight(36) 0 ms\n"
[ERROR][2024-04-13 22:47:36] .../vim/lsp/rpc.lua:734	"rpc"	"/home/user/.local/share/nvim/mason/bin/clangd"	"stderr"	"I[22:47:36.903] <-- textDocument/documentHighlight(37)\n"
[ERROR][2024-04-13 22:47:36] .../vim/lsp/rpc.lua:734	"rpc"	"/home/user/.local/share/nvim/mason/bin/clangd"	"stderr"	"I[22:47:36.903] --> reply:textDocument/documentHighlight(37) 0 ms\n"
[ERROR][2024-04-13 22:48:01] .../vim/lsp/rpc.lua:734	"rpc"	"/home/user/.local/share/nvim/mason/bin/clangd"	"stderr"	"I[22:48:01.924] <-- textDocument/documentHighlight(38)\n"
[ERROR][2024-04-13 22:48:01] .../vim/lsp/rpc.lua:734	"rpc"	"/home/user/.local/share/nvim/mason/bin/clangd"	"stderr"	"I[22:48:01.924] --> reply:textDocument/documentHighlight(38) 0 ms\n"
[ERROR][2024-04-13 22:48:02] .../vim/lsp/rpc.lua:734	"rpc"	"/home/user/.local/share/nvim/mason/bin/clangd"	"stderr"	"I[22:48:02.665] <-- textDocument/documentHighlight(39)\n"
[ERROR][2024-04-13 22:48:02] .../vim/lsp/rpc.lua:734	"rpc"	"/home/user/.local/share/nvim/mason/bin/clangd"	"stderr"	"I[22:48:02.665] --> reply:textDocument/documentHighlight(39) 0 ms\n"
[ERROR][2024-04-13 22:48:03] .../vim/lsp/rpc.lua:734	"rpc"	"/home/user/.local/share/nvim/mason/bin/clangd"	"stderr"	"I[22:48:03.316] <-- textDocument/documentHighlight(40)\n"
[ERROR][2024-04-13 22:48:03] .../vim/lsp/rpc.lua:734	"rpc"	"/home/user/.local/share/nvim/mason/bin/clangd"	"stderr"	"I[22:48:03.316] --> reply:textDocument/documentHighlight(40) 0 ms\n"
[ERROR][2024-04-13 22:48:04] .../vim/lsp/rpc.lua:734	"rpc"	"/home/user/.local/share/nvim/mason/bin/clangd"	"stderr"	"I[22:48:04.139] <-- textDocument/documentHighlight(41)\n"
[ERROR][2024-04-13 22:48:04] .../vim/lsp/rpc.lua:734	"rpc"	"/home/user/.local/share/nvim/mason/bin/clangd"	"stderr"	"I[22:48:04.139] --> reply:textDocument/documentHighlight(41) 0 ms\n"
[ERROR][2024-04-13 22:48:05] .../vim/lsp/rpc.lua:734	"rpc"	"/home/user/.local/share/nvim/mason/bin/clangd"	"stderr"	"I[22:48:05.024] <-- textDocument/documentHighlight(42)\nI[22:48:05.024] --> reply:textDocument/documentHighlight(42) 0 ms\n"
[ERROR][2024-04-13 22:48:06] .../vim/lsp/rpc.lua:734	"rpc"	"/home/user/.local/share/nvim/mason/bin/clangd"	"stderr"	"I[22:48:06.292] <-- textDocument/documentHighlight(43)\n"
[ERROR][2024-04-13 22:48:06] .../vim/lsp/rpc.lua:734	"rpc"	"/home/user/.local/share/nvim/mason/bin/clangd"	"stderr"	"I[22:48:06.293] --> reply:textDocument/documentHighlight(43) 0 ms\n"
[ERROR][2024-04-13 22:48:06] .../vim/lsp/rpc.lua:734	"rpc"	"/home/user/.local/share/nvim/mason/bin/clangd"	"stderr"	"I[22:48:06.467] <-- textDocument/documentHighlight(44)\n"
[ERROR][2024-04-13 22:48:06] .../vim/lsp/rpc.lua:734	"rpc"	"/home/user/.local/share/nvim/mason/bin/clangd"	"stderr"	"I[22:48:06.467] --> reply:textDocument/documentHighlight(44) 0 ms\n"
[ERROR][2024-04-13 22:48:07] .../vim/lsp/rpc.lua:734	"rpc"	"/home/user/.local/share/nvim/mason/bin/clangd"	"stderr"	"I[22:48:07.490] <-- textDocument/documentHighlight(45)\n"
[ERROR][2024-04-13 22:48:07] .../vim/lsp/rpc.lua:734	"rpc"	"/home/user/.local/share/nvim/mason/bin/clangd"	"stderr"	"I[22:48:07.491] --> reply:textDocument/documentHighlight(45) 0 ms\n"
[ERROR][2024-04-13 22:48:08] .../vim/lsp/rpc.lua:734	"rpc"	"/home/user/.local/share/nvim/mason/bin/clangd"	"stderr"	"I[22:48:08.393] <-- textDocument/documentHighlight(46)\nI[22:48:08.394] --> reply:textDocument/documentHighlight(46) 0 ms\n"
[ERROR][2024-04-13 22:48:09] .../vim/lsp/rpc.lua:734	"rpc"	"/home/user/.local/share/nvim/mason/bin/clangd"	"stderr"	"I[22:48:09.547] <-- textDocument/documentHighlight(47)\nI[22:48:09.547] --> reply:textDocument/documentHighlight(47) 0 ms\n"
[ERROR][2024-04-13 22:48:09] .../vim/lsp/rpc.lua:734	"rpc"	"/home/user/.local/share/nvim/mason/bin/clangd"	"stderr"	"I[22:48:09.676] <-- textDocument/documentHighlight(48)\n"
[ERROR][2024-04-13 22:48:09] .../vim/lsp/rpc.lua:734	"rpc"	"/home/user/.local/share/nvim/mason/bin/clangd"	"stderr"	"I[22:48:09.677] --> reply:textDocument/documentHighlight(48) 0 ms\n"
[ERROR][2024-04-13 22:48:10] .../vim/lsp/rpc.lua:734	"rpc"	"/home/user/.local/share/nvim/mason/bin/clangd"	"stderr"	"I[22:48:10.998] <-- textDocument/documentHighlight(49)\nI[22:48:10.999] --> reply:textDocument/documentHighlight(49) 0 ms\n"
[ERROR][2024-04-13 22:48:11] .../vim/lsp/rpc.lua:734	"rpc"	"/home/user/.local/share/nvim/mason/bin/clangd"	"stderr"	"I[22:48:11.132] <-- textDocument/documentHighlight(50)\n"
[ERROR][2024-04-13 22:48:11] .../vim/lsp/rpc.lua:734	"rpc"	"/home/user/.local/share/nvim/mason/bin/clangd"	"stderr"	"I[22:48:11.132] --> reply:textDocument/documentHighlight(50) 0 ms\n"
[ERROR][2024-04-13 22:48:11] .../vim/lsp/rpc.lua:734	"rpc"	"/home/user/.local/share/nvim/mason/bin/clangd"	"stderr"	"I[22:48:11.677] <-- textDocument/documentHighlight(51)\n"
[ERROR][2024-04-13 22:48:11] .../vim/lsp/rpc.lua:734	"rpc"	"/home/user/.local/share/nvim/mason/bin/clangd"	"stderr"	"I[22:48:11.678] --> reply:textDocument/documentHighlight(51) 0 ms\n"
[ERROR][2024-04-13 22:48:12] .../vim/lsp/rpc.lua:734	"rpc"	"/home/user/.local/share/nvim/mason/bin/clangd"	"stderr"	"I[22:48:12.831] <-- textDocument/documentHighlight(52)\n"
[ERROR][2024-04-13 22:48:12] .../vim/lsp/rpc.lua:734	"rpc"	"/home/user/.local/share/nvim/mason/bin/clangd"	"stderr"	"I[22:48:12.832] --> reply:textDocument/documentHighlight(52) 0 ms\n"
[ERROR][2024-04-13 22:48:14] .../vim/lsp/rpc.lua:734	"rpc"	"/home/user/.local/share/nvim/mason/bin/clangd"	"stderr"	"I[22:48:14.104] <-- textDocument/documentHighlight(53)\n"
[ERROR][2024-04-13 22:48:14] .../vim/lsp/rpc.lua:734	"rpc"	"/home/user/.local/share/nvim/mason/bin/clangd"	"stderr"	"I[22:48:14.105] --> reply:textDocument/documentHighlight(53) 0 ms\n"
[ERROR][2024-04-13 22:48:14] .../vim/lsp/rpc.lua:734	"rpc"	"/home/user/.local/share/nvim/mason/bin/clangd"	"stderr"	"I[22:48:14.631] <-- textDocument/documentHighlight(54)\n"
[ERROR][2024-04-13 22:48:14] .../vim/lsp/rpc.lua:734	"rpc"	"/home/user/.local/share/nvim/mason/bin/clangd"	"stderr"	"I[22:48:14.632] --> reply:textDocument/documentHighlight(54) 0 ms\n"
[ERROR][2024-04-13 22:48:15] .../vim/lsp/rpc.lua:734	"rpc"	"/home/user/.local/share/nvim/mason/bin/clangd"	"stderr"	"I[22:48:15.092] <-- textDocument/documentHighlight(55)\n"
[ERROR][2024-04-13 22:48:15] .../vim/lsp/rpc.lua:734	"rpc"	"/home/user/.local/share/nvim/mason/bin/clangd"	"stderr"	"I[22:48:15.093] --> reply:textDocument/documentHighlight(55) 0 ms\n"
[ERROR][2024-04-13 22:48:15] .../vim/lsp/rpc.lua:734	"rpc"	"/home/user/.local/share/nvim/mason/bin/clangd"	"stderr"	"I[22:48:15.745] <-- textDocument/documentHighlight(56)\nI[22:48:15.745] --> reply:textDocument/documentHighlight(56) 0 ms\n"
[ERROR][2024-04-13 22:48:16] .../vim/lsp/rpc.lua:734	"rpc"	"/home/user/.local/share/nvim/mason/bin/clangd"	"stderr"	"I[22:48:16.056] <-- textDocument/documentHighlight(57)\n"
[ERROR][2024-04-13 22:48:16] .../vim/lsp/rpc.lua:734	"rpc"	"/home/user/.local/share/nvim/mason/bin/clangd"	"stderr"	"I[22:48:16.057] --> reply:textDocument/documentHighlight(57) 0 ms\n"
[ERROR][2024-04-13 22:48:16] .../vim/lsp/rpc.lua:734	"rpc"	"/home/user/.local/share/nvim/mason/bin/clangd"	"stderr"	"I[22:48:16.484] <-- textDocument/documentHighlight(58)\n"
[ERROR][2024-04-13 22:48:16] .../vim/lsp/rpc.lua:734	"rpc"	"/home/user/.local/share/nvim/mason/bin/clangd"	"stderr"	"I[22:48:16.485] --> reply:textDocument/documentHighlight(58) 0 ms\n"
[ERROR][2024-04-13 22:48:17] .../vim/lsp/rpc.lua:734	"rpc"	"/home/user/.local/share/nvim/mason/bin/clangd"	"stderr"	"I[22:48:17.253] <-- textDocument/documentHighlight(59)\n"
[ERROR][2024-04-13 22:48:17] .../vim/lsp/rpc.lua:734	"rpc"	"/home/user/.local/share/nvim/mason/bin/clangd"	"stderr"	"I[22:48:17.253] --> reply:textDocument/documentHighlight(59) 0 ms\n"
[ERROR][2024-04-13 22:48:19] .../vim/lsp/rpc.lua:734	"rpc"	"/home/user/.local/share/nvim/mason/bin/clangd"	"stderr"	"I[22:48:19.443] <-- textDocument/documentHighlight(60)\n"
[ERROR][2024-04-13 22:48:19] .../vim/lsp/rpc.lua:734	"rpc"	"/home/user/.local/share/nvim/mason/bin/clangd"	"stderr"	"I[22:48:19.444] --> reply:textDocument/documentHighlight(60) 1 ms\n"
[ERROR][2024-04-13 22:48:20] .../vim/lsp/rpc.lua:734	"rpc"	"/home/user/.local/share/nvim/mason/bin/clangd"	"stderr"	"I[22:48:20.000] <-- textDocument/documentHighlight(61)\n"
[ERROR][2024-04-13 22:48:20] .../vim/lsp/rpc.lua:734	"rpc"	"/home/user/.local/share/nvim/mason/bin/clangd"	"stderr"	"I[22:48:20.000] --> reply:textDocument/documentHighlight(61) 0 ms\n"
[ERROR][2024-04-13 22:48:20] .../vim/lsp/rpc.lua:734	"rpc"	"/home/user/.local/share/nvim/mason/bin/clangd"	"stderr"	"I[22:48:20.386] <-- textDocument/documentHighlight(62)\n"
[ERROR][2024-04-13 22:48:20] .../vim/lsp/rpc.lua:734	"rpc"	"/home/user/.local/share/nvim/mason/bin/clangd"	"stderr"	"I[22:48:20.386] --> reply:textDocument/documentHighlight(62) 0 ms\n"
[ERROR][2024-04-13 22:51:54] .../vim/lsp/rpc.lua:734	"rpc"	"/home/user/.local/share/nvim/mason/bin/clangd"	"stderr"	"I[22:51:54.612] <-- shutdown(63)\nI[22:51:54.612] --> reply:shutdown(63) 0 ms\n"
[ERROR][2024-04-13 22:51:54] .../vim/lsp/rpc.lua:734	"rpc"	"/home/user/.local/share/nvim/mason/bin/clangd"	"stderr"	"I[22:51:54.614] <-- exit\nI[22:51:54.614] LSP finished, exiting with status 0\n"
